
======================================================================
  Session: 2026-03-10 20:59:01
  Account: levanlinh.kma@gmail.com
======================================================================

20:59:01 [DEBUG] [ENGINE] Sync levanlinh.kma@gmail.com: timeout (browser not ready yet)
20:59:16 [INFO ] [ENGINE] [AutoLaunch] 🔇 Starting hidden browser 1/2: levanlinh.kma@gmail.com...
20:59:31 [INFO ] [ENGINE] [AutoLaunch] ✅ levanlinh.kma@gmail.com browser hidden
20:59:31 [INFO ] [WS    ] [ExtensionBridge] 📧 Extension registered: levanlinh.kma@gmail.com (v2.3.0)
20:59:31 [INFO ] [WS    ] [ExtensionBridge] Extension connected for levanlinh.kma@gmail.com
20:59:31 [INFO ] [RECAP ] [ProactiveWarmup] levanlinh.kma@gmail.com: waiting 10s for reCAPTCHA widget...
20:59:31 [DEBUG] [RECAP ] [ExtensionBridge] 🔥 reCAPTCHA warm for levanlinh.kma@gmail.com
20:59:31 [INFO ] [WS    ] [ExtensionBridge] 🔑 Unsolicited access token for levanlinh.kma@gmail.com
20:59:31 [INFO ] [WS    ] [ExtensionBridge] Headers updated for levanlinh.kma@gmail.com: []
20:59:31 [INFO ] [WS    ] [ExtensionBridge] ✅ Startup headers refreshed for levanlinh.kma@gmail.com
20:59:32 [INFO ] [WS    ] [ExtensionBridge] ✅ x-browser-validation captured for levanlinh.kma@gmail.com
20:59:32 [INFO ] [WS    ] [ExtensionBridge] ✅ x-browser-validation captured for levanlinh.kma@gmail.com
20:59:32 [INFO ] [WS    ] [ExtensionBridge] ✅ Startup access token set for levanlinh.kma@gmail.com
20:59:32 [INFO ] [ENGINE] [levanlinh.kma@gmail.com] 🔗 Attaching to debug browser (page access only)
20:59:34 [DEBUG] [WS    ] [ExtensionBridge] Headers update for levanlinh.kma@gmail.com: ['x-browser-channel', 'x-browser-year', 'x-browser-validation', 'x-browser-copyright', 'x-client-data']
20:59:34 [DEBUG] [RECAP ] [ExtensionBridge] Bearer token stored for levanlinh.kma@gmail.com (424 chars)
20:59:34 [INFO ] [WS    ] [ExtensionBridge] Headers updated for levanlinh.kma@gmail.com: ['x-browser-channel', 'x-browser-year', 'x-browser-validation', 'x-browser-copyright', 'x-client-data']
20:59:37 [INFO ] [ENGINE] [AppController] Extension v2.3.0 connected via bridge for levanlinh.kma@gmail.com — up-to-date
20:59:39 [INFO ] [ENGINE] [AppController] Extension batch check results: {'levanlinh.kma@gmail.com': '✅ bridge connected', 'veofidelia169@tunxelamorintesa.sbs': '✅ bridge connected'}
20:59:39 [INFO ] [ENGINE] [AutoLaunch] Extension check complete: {'levanlinh.kma@gmail.com': '✅ bridge connected', 'veofidelia169@tunxelamorintesa.sbs': '✅ bridge connected'}
20:59:39 [DEBUG] [WS    ] [ProactiveWarmup] levanlinh.kma@gmail.com: already in progress, skipping duplicate
20:59:41 [DEBUG] [WS    ] [ExtensionBridge] Headers update for levanlinh.kma@gmail.com: ['x-browser-channel', 'x-browser-year', 'x-browser-validation', 'x-browser-copyright', 'x-client-data']
20:59:41 [DEBUG] [RECAP ] [ExtensionBridge] Bearer token stored for levanlinh.kma@gmail.com (424 chars)
20:59:41 [INFO ] [WS    ] [ExtensionBridge] Headers updated for levanlinh.kma@gmail.com: ['x-browser-channel', 'x-browser-year', 'x-browser-validation', 'x-browser-copyright', 'x-client-data']
21:00:01 [WARNING] [RECAP ] [ExtensionBridge] check_recaptcha_ready TIMEOUT (20.0s) for levanlinh.kma@gmail.com — extension did not respond (tab may be frozen/suspended)
21:00:01 [WARNING] [RECAP ] [ExtBridge] ⏱️ SLOW response: check_recaptcha_ready for levanlinh.kma@gmail.com took 20.0s (requestId=57613cce)
21:00:01 [WARNING] [RECAP ] [ProactiveWarmup] levanlinh.kma@gmail.com: ⚠️ reCAPTCHA not ready yet — will retry on next readiness check
21:00:06 [DEBUG] [WS    ] [ExtensionBridge] Headers update for levanlinh.kma@gmail.com: ['x-browser-channel', 'x-browser-year', 'x-browser-validation', 'x-browser-copyright', 'x-client-data']
21:00:06 [DEBUG] [RECAP ] [ExtensionBridge] Bearer token stored for levanlinh.kma@gmail.com (424 chars)
21:00:06 [INFO ] [WS    ] [ExtensionBridge] Headers updated for levanlinh.kma@gmail.com: ['x-browser-channel', 'x-browser-year', 'x-browser-validation', 'x-browser-copyright', 'x-client-data']
21:00:08 [DEBUG] [WS    ] [ExtensionBridge] Headers update for levanlinh.kma@gmail.com: ['x-browser-channel', 'x-browser-year', 'x-browser-validation', 'x-browser-copyright', 'x-client-data']
21:00:08 [DEBUG] [RECAP ] [ExtensionBridge] Bearer token stored for levanlinh.kma@gmail.com (424 chars)
21:00:08 [INFO ] [WS    ] [ExtensionBridge] Headers updated for levanlinh.kma@gmail.com: ['x-browser-channel', 'x-browser-year', 'x-browser-validation', 'x-browser-copyright', 'x-client-data']
21:00:17 [WARNING] [WS    ] [ExtensionBridge] 🥶 Tab frozen for levanlinh.kma@gmail.com (no heartbeat for 54s) — recovery attempt 1/3
21:00:17 [INFO ] [WS    ] [ExtensionBridge] 🔄 Refresh [lightweight] for levanlinh.kma@gmail.com — frozen tab recovery 1/3
21:00:17 [DEBUG] [WS    ] [ExtensionBridge] 🔄 Lightweight header refresh OK for levanlinh.kma@gmail.com
21:00:21 [DEBUG] [WS    ] [ExtensionBridge] Headers update for levanlinh.kma@gmail.com: ['x-browser-channel', 'x-browser-year', 'x-browser-validation', 'x-browser-copyright', 'x-client-data']
21:00:21 [DEBUG] [RECAP ] [ExtensionBridge] Bearer token stored for levanlinh.kma@gmail.com (424 chars)
21:00:21 [INFO ] [WS    ] [ExtensionBridge] Headers updated for levanlinh.kma@gmail.com: ['x-browser-channel', 'x-browser-year', 'x-browser-validation', 'x-browser-copyright', 'x-client-data']
21:00:31 [WARNING] [RECAP ] [ExtensionBridge] check_recaptcha_ready TIMEOUT (20.0s) for levanlinh.kma@gmail.com — extension did not respond (tab may be frozen/suspended)
21:00:31 [WARNING] [RECAP ] [ExtBridge] ⏱️ SLOW response: check_recaptcha_ready for levanlinh.kma@gmail.com took 20.0s (requestId=f2d1e822)
21:00:31 [WARNING] [RECAP ] [ProactiveWarmup] levanlinh.kma@gmail.com: ❌ reCAPTCHA still not ready after retry
21:00:36 [DEBUG] [WS    ] [ExtensionBridge] Headers update for levanlinh.kma@gmail.com: ['x-browser-channel', 'x-browser-year', 'x-browser-validation', 'x-browser-copyright', 'x-client-data']
21:00:36 [DEBUG] [RECAP ] [ExtensionBridge] Bearer token stored for levanlinh.kma@gmail.com (424 chars)
21:00:36 [INFO ] [WS    ] [ExtensionBridge] Headers updated for levanlinh.kma@gmail.com: ['x-browser-channel', 'x-browser-year', 'x-browser-validation', 'x-browser-copyright', 'x-client-data']
21:00:37 [DEBUG] [WS    ] [ExtensionBridge] 🥶 Tab frozen for levanlinh.kma@gmail.com suppressed — refresh already in-progress (20s ago)
21:00:38 [DEBUG] [WS    ] [ExtensionBridge] Headers update for levanlinh.kma@gmail.com: ['x-browser-channel', 'x-browser-year', 'x-browser-validation', 'x-browser-copyright', 'x-client-data']
21:00:38 [DEBUG] [RECAP ] [ExtensionBridge] Bearer token stored for levanlinh.kma@gmail.com (424 chars)
21:00:38 [INFO ] [WS    ] [ExtensionBridge] Headers updated for levanlinh.kma@gmail.com: ['x-browser-channel', 'x-browser-year', 'x-browser-validation', 'x-browser-copyright', 'x-client-data']
21:01:02 [DEBUG] [RECAP ] [ExtensionBridge] 🔥 reCAPTCHA warm for levanlinh.kma@gmail.com
21:01:42 [DEBUG] [WS    ] [TabKeepalive] levanlinh.kma@gmail.com: API heartbeat skipped (no browser page)
21:01:52 [DEBUG] [RECAP ] [ExtensionBridge] 🔥 reCAPTCHA warm for levanlinh.kma@gmail.com
21:02:21 [DEBUG] [WS    ] [ExtensionBridge] Headers update for levanlinh.kma@gmail.com: ['x-browser-channel', 'x-browser-year', 'x-browser-validation', 'x-browser-copyright', 'x-client-data']
21:02:21 [DEBUG] [RECAP ] [ExtensionBridge] Bearer token stored for levanlinh.kma@gmail.com (424 chars)
21:02:21 [INFO ] [WS    ] [ExtensionBridge] Headers updated for levanlinh.kma@gmail.com: ['x-browser-channel', 'x-browser-year', 'x-browser-validation', 'x-browser-copyright', 'x-client-data']
21:02:52 [DEBUG] [RECAP ] [ExtensionBridge] 🔥 reCAPTCHA warm for levanlinh.kma@gmail.com
21:03:52 [DEBUG] [RECAP ] [ExtensionBridge] 🔥 reCAPTCHA warm for levanlinh.kma@gmail.com
21:04:08 [INFO ] [WS    ] [TabKeepalive] levanlinh.kma@gmail.com: API heartbeat OK (auth=200, ack=200, credits=401)
21:04:11 [DEBUG] [WS    ] [ExtensionBridge] Headers update for levanlinh.kma@gmail.com: ['x-browser-channel', 'x-browser-year', 'x-browser-validation', 'x-browser-copyright', 'x-client-data']
21:04:11 [DEBUG] [RECAP ] [ExtensionBridge] Bearer token stored for levanlinh.kma@gmail.com (424 chars)
21:04:11 [INFO ] [WS    ] [ExtensionBridge] Headers updated for levanlinh.kma@gmail.com: ['x-browser-channel', 'x-browser-year', 'x-browser-validation', 'x-browser-copyright', 'x-client-data']
21:04:52 [DEBUG] [RECAP ] [ExtensionBridge] 🔥 reCAPTCHA warm for levanlinh.kma@gmail.com
21:05:21 [DEBUG] [WS    ] [ExtensionBridge] Headers update for levanlinh.kma@gmail.com: ['x-browser-channel', 'x-browser-year', 'x-browser-validation', 'x-browser-copyright', 'x-client-data']
21:05:21 [DEBUG] [RECAP ] [ExtensionBridge] Bearer token stored for levanlinh.kma@gmail.com (424 chars)
21:05:21 [INFO ] [WS    ] [ExtensionBridge] Headers updated for levanlinh.kma@gmail.com: ['x-browser-channel', 'x-browser-year', 'x-browser-validation', 'x-browser-copyright', 'x-client-data']
21:05:52 [DEBUG] [RECAP ] [ExtensionBridge] 🔥 reCAPTCHA warm for levanlinh.kma@gmail.com
21:06:52 [DEBUG] [RECAP ] [ExtensionBridge] 🔥 reCAPTCHA warm for levanlinh.kma@gmail.com
21:07:00 [INFO ] [WS    ] [TabKeepalive] levanlinh.kma@gmail.com: API heartbeat OK (auth=200, ack=200, credits=401)
21:07:04 [DEBUG] [WS    ] [ExtensionBridge] Headers update for levanlinh.kma@gmail.com: ['x-browser-channel', 'x-browser-year', 'x-browser-validation', 'x-browser-copyright', 'x-client-data']
21:07:04 [DEBUG] [RECAP ] [ExtensionBridge] Bearer token stored for levanlinh.kma@gmail.com (424 chars)
21:07:04 [INFO ] [WS    ] [ExtensionBridge] Headers updated for levanlinh.kma@gmail.com: ['x-browser-channel', 'x-browser-year', 'x-browser-validation', 'x-browser-copyright', 'x-client-data']
21:07:52 [DEBUG] [RECAP ] [ExtensionBridge] 🔥 reCAPTCHA warm for levanlinh.kma@gmail.com
21:08:21 [DEBUG] [WS    ] [ExtensionBridge] Headers update for levanlinh.kma@gmail.com: ['x-browser-channel', 'x-browser-year', 'x-browser-validation', 'x-browser-copyright', 'x-client-data']
21:08:21 [DEBUG] [RECAP ] [ExtensionBridge] Bearer token stored for levanlinh.kma@gmail.com (424 chars)
21:08:21 [INFO ] [WS    ] [ExtensionBridge] Headers updated for levanlinh.kma@gmail.com: ['x-browser-channel', 'x-browser-year', 'x-browser-validation', 'x-browser-copyright', 'x-client-data']
21:08:52 [DEBUG] [RECAP ] [ExtensionBridge] 🔥 reCAPTCHA warm for levanlinh.kma@gmail.com
21:09:38 [INFO ] [WS    ] [TabKeepalive] levanlinh.kma@gmail.com: API heartbeat OK (auth=200, ack=200, credits=401)
21:09:41 [DEBUG] [WS    ] [ExtensionBridge] Headers update for levanlinh.kma@gmail.com: ['x-browser-channel', 'x-browser-year', 'x-browser-validation', 'x-browser-copyright', 'x-client-data']
21:09:41 [DEBUG] [RECAP ] [ExtensionBridge] Bearer token stored for levanlinh.kma@gmail.com (424 chars)
21:09:41 [INFO ] [WS    ] [ExtensionBridge] Headers updated for levanlinh.kma@gmail.com: ['x-browser-channel', 'x-browser-year', 'x-browser-validation', 'x-browser-copyright', 'x-client-data']
21:09:52 [DEBUG] [RECAP ] [ExtensionBridge] 🔥 reCAPTCHA warm for levanlinh.kma@gmail.com
21:10:52 [DEBUG] [RECAP ] [ExtensionBridge] 🔥 reCAPTCHA warm for levanlinh.kma@gmail.com
21:11:21 [DEBUG] [WS    ] [ExtensionBridge] Headers update for levanlinh.kma@gmail.com: ['x-browser-channel', 'x-browser-year', 'x-browser-validation', 'x-browser-copyright', 'x-client-data']
21:11:21 [DEBUG] [RECAP ] [ExtensionBridge] Bearer token stored for levanlinh.kma@gmail.com (424 chars)
21:11:21 [INFO ] [WS    ] [ExtensionBridge] Headers updated for levanlinh.kma@gmail.com: ['x-browser-channel', 'x-browser-year', 'x-browser-validation', 'x-browser-copyright', 'x-client-data']
21:11:52 [DEBUG] [RECAP ] [ExtensionBridge] 🔥 reCAPTCHA warm for levanlinh.kma@gmail.com
21:12:12 [INFO ] [WS    ] [TabKeepalive] levanlinh.kma@gmail.com: API heartbeat OK (auth=200, ack=200, credits=401)
21:12:16 [DEBUG] [WS    ] [ExtensionBridge] Headers update for levanlinh.kma@gmail.com: ['x-browser-channel', 'x-browser-year', 'x-browser-validation', 'x-browser-copyright', 'x-client-data']
21:12:16 [DEBUG] [RECAP ] [ExtensionBridge] Bearer token stored for levanlinh.kma@gmail.com (424 chars)
21:12:16 [INFO ] [WS    ] [ExtensionBridge] Headers updated for levanlinh.kma@gmail.com: ['x-browser-channel', 'x-browser-year', 'x-browser-validation', 'x-browser-copyright', 'x-client-data']
21:12:52 [DEBUG] [RECAP ] [ExtensionBridge] 🔥 reCAPTCHA warm for levanlinh.kma@gmail.com
21:13:52 [DEBUG] [RECAP ] [ExtensionBridge] 🔥 reCAPTCHA warm for levanlinh.kma@gmail.com
21:14:21 [DEBUG] [WS    ] [ExtensionBridge] Headers update for levanlinh.kma@gmail.com: ['x-browser-channel', 'x-browser-year', 'x-browser-validation', 'x-browser-copyright', 'x-client-data']
21:14:21 [DEBUG] [RECAP ] [ExtensionBridge] Bearer token stored for levanlinh.kma@gmail.com (424 chars)
21:14:21 [INFO ] [WS    ] [ExtensionBridge] Headers updated for levanlinh.kma@gmail.com: ['x-browser-channel', 'x-browser-year', 'x-browser-validation', 'x-browser-copyright', 'x-client-data']
21:14:42 [INFO ] [WS    ] [TabKeepalive] levanlinh.kma@gmail.com: API heartbeat OK (auth=200, ack=200, credits=401)
21:14:46 [DEBUG] [WS    ] [ExtensionBridge] Headers update for levanlinh.kma@gmail.com: ['x-browser-channel', 'x-browser-year', 'x-browser-validation', 'x-browser-copyright', 'x-client-data']
21:14:46 [DEBUG] [RECAP ] [ExtensionBridge] Bearer token stored for levanlinh.kma@gmail.com (424 chars)
21:14:46 [INFO ] [WS    ] [ExtensionBridge] Headers updated for levanlinh.kma@gmail.com: ['x-browser-channel', 'x-browser-year', 'x-browser-validation', 'x-browser-copyright', 'x-client-data']
21:14:52 [DEBUG] [RECAP ] [ExtensionBridge] 🔥 reCAPTCHA warm for levanlinh.kma@gmail.com
21:15:52 [DEBUG] [RECAP ] [ExtensionBridge] 🔥 reCAPTCHA warm for levanlinh.kma@gmail.com
21:16:52 [DEBUG] [RECAP ] [ExtensionBridge] 🔥 reCAPTCHA warm for levanlinh.kma@gmail.com
21:17:15 [INFO ] [WS    ] [TabKeepalive] levanlinh.kma@gmail.com: API heartbeat OK (auth=200, ack=200, credits=401)
21:17:21 [DEBUG] [WS    ] [ExtensionBridge] Headers update for levanlinh.kma@gmail.com: ['x-browser-channel', 'x-browser-year', 'x-browser-validation', 'x-browser-copyright', 'x-client-data']
21:17:21 [DEBUG] [RECAP ] [ExtensionBridge] Bearer token stored for levanlinh.kma@gmail.com (424 chars)
21:17:21 [INFO ] [WS    ] [ExtensionBridge] Headers updated for levanlinh.kma@gmail.com: ['x-browser-channel', 'x-browser-year', 'x-browser-validation', 'x-browser-copyright', 'x-client-data']
21:17:52 [DEBUG] [RECAP ] [ExtensionBridge] 🔥 reCAPTCHA warm for levanlinh.kma@gmail.com
21:18:52 [DEBUG] [RECAP ] [ExtensionBridge] 🔥 reCAPTCHA warm for levanlinh.kma@gmail.com
21:19:42 [INFO ] [WS    ] [TabKeepalive] levanlinh.kma@gmail.com: API heartbeat OK (auth=200, ack=200, credits=401)
21:19:46 [DEBUG] [WS    ] [ExtensionBridge] Headers update for levanlinh.kma@gmail.com: ['x-browser-channel', 'x-browser-year', 'x-browser-validation', 'x-browser-copyright', 'x-client-data']
21:19:46 [DEBUG] [RECAP ] [ExtensionBridge] Bearer token stored for levanlinh.kma@gmail.com (424 chars)
21:19:46 [INFO ] [WS    ] [ExtensionBridge] Headers updated for levanlinh.kma@gmail.com: ['x-browser-channel', 'x-browser-year', 'x-browser-validation', 'x-browser-copyright', 'x-client-data']
21:19:52 [DEBUG] [RECAP ] [ExtensionBridge] 🔥 reCAPTCHA warm for levanlinh.kma@gmail.com
21:20:21 [DEBUG] [WS    ] [ExtensionBridge] Headers update for levanlinh.kma@gmail.com: ['x-browser-channel', 'x-browser-year', 'x-browser-validation', 'x-browser-copyright', 'x-client-data']
21:20:21 [DEBUG] [RECAP ] [ExtensionBridge] Bearer token stored for levanlinh.kma@gmail.com (424 chars)
21:20:21 [INFO ] [WS    ] [ExtensionBridge] Headers updated for levanlinh.kma@gmail.com: ['x-browser-channel', 'x-browser-year', 'x-browser-validation', 'x-browser-copyright', 'x-client-data']
21:20:52 [DEBUG] [RECAP ] [ExtensionBridge] 🔥 reCAPTCHA warm for levanlinh.kma@gmail.com
21:21:52 [DEBUG] [RECAP ] [ExtensionBridge] 🔥 reCAPTCHA warm for levanlinh.kma@gmail.com
21:22:19 [INFO ] [WS    ] [TabKeepalive] levanlinh.kma@gmail.com: API heartbeat OK (auth=200, ack=200, credits=401)
21:22:23 [DEBUG] [WS    ] [ExtensionBridge] Headers update for levanlinh.kma@gmail.com: ['x-browser-channel', 'x-browser-year', 'x-browser-validation', 'x-browser-copyright', 'x-client-data']
21:22:23 [DEBUG] [RECAP ] [ExtensionBridge] Bearer token stored for levanlinh.kma@gmail.com (424 chars)
21:22:23 [INFO ] [WS    ] [ExtensionBridge] Headers updated for levanlinh.kma@gmail.com: ['x-browser-channel', 'x-browser-year', 'x-browser-validation', 'x-browser-copyright', 'x-client-data']
21:22:52 [DEBUG] [RECAP ] [ExtensionBridge] 🔥 reCAPTCHA warm for levanlinh.kma@gmail.com
21:23:21 [DEBUG] [WS    ] [ExtensionBridge] Headers update for levanlinh.kma@gmail.com: ['x-browser-channel', 'x-browser-year', 'x-browser-validation', 'x-browser-copyright', 'x-client-data']
21:23:21 [DEBUG] [RECAP ] [ExtensionBridge] Bearer token stored for levanlinh.kma@gmail.com (424 chars)
21:23:21 [INFO ] [WS    ] [ExtensionBridge] Headers updated for levanlinh.kma@gmail.com: ['x-browser-channel', 'x-browser-year', 'x-browser-validation', 'x-browser-copyright', 'x-client-data']
21:23:52 [DEBUG] [RECAP ] [ExtensionBridge] 🔥 reCAPTCHA warm for levanlinh.kma@gmail.com
21:24:52 [DEBUG] [RECAP ] [ExtensionBridge] 🔥 reCAPTCHA warm for levanlinh.kma@gmail.com
21:25:00 [INFO ] [WS    ] [TabKeepalive] levanlinh.kma@gmail.com: API heartbeat OK (auth=200, ack=200, credits=401)
21:25:04 [DEBUG] [WS    ] [ExtensionBridge] Headers update for levanlinh.kma@gmail.com: ['x-browser-channel', 'x-browser-year', 'x-browser-validation', 'x-browser-copyright', 'x-client-data']
21:25:04 [DEBUG] [RECAP ] [ExtensionBridge] Bearer token stored for levanlinh.kma@gmail.com (424 chars)
21:25:04 [INFO ] [WS    ] [ExtensionBridge] Headers updated for levanlinh.kma@gmail.com: ['x-browser-channel', 'x-browser-year', 'x-browser-validation', 'x-browser-copyright', 'x-client-data']
21:25:52 [DEBUG] [RECAP ] [ExtensionBridge] 🔥 reCAPTCHA warm for levanlinh.kma@gmail.com
21:26:21 [DEBUG] [WS    ] [ExtensionBridge] Headers update for levanlinh.kma@gmail.com: ['x-browser-channel', 'x-browser-year', 'x-browser-validation', 'x-browser-copyright', 'x-client-data']
21:26:21 [DEBUG] [RECAP ] [ExtensionBridge] Bearer token stored for levanlinh.kma@gmail.com (424 chars)
21:26:21 [INFO ] [WS    ] [ExtensionBridge] Headers updated for levanlinh.kma@gmail.com: ['x-browser-channel', 'x-browser-year', 'x-browser-validation', 'x-browser-copyright', 'x-client-data']
21:26:53 [DEBUG] [RECAP ] [ExtensionBridge] 🔥 reCAPTCHA warm for levanlinh.kma@gmail.com
21:27:22 [INFO ] [WS    ] [TabKeepalive] levanlinh.kma@gmail.com: API heartbeat OK (auth=200, ack=200, credits=401)
21:27:25 [DEBUG] [WS    ] [ExtensionBridge] Headers update for levanlinh.kma@gmail.com: ['x-browser-channel', 'x-browser-year', 'x-browser-validation', 'x-browser-copyright', 'x-client-data']
21:27:25 [DEBUG] [RECAP ] [ExtensionBridge] Bearer token stored for levanlinh.kma@gmail.com (424 chars)
21:27:25 [INFO ] [WS    ] [ExtensionBridge] Headers updated for levanlinh.kma@gmail.com: ['x-browser-channel', 'x-browser-year', 'x-browser-validation', 'x-browser-copyright', 'x-client-data']
21:27:52 [DEBUG] [RECAP ] [ExtensionBridge] 🔥 reCAPTCHA warm for levanlinh.kma@gmail.com
21:28:52 [DEBUG] [RECAP ] [ExtensionBridge] 🔥 reCAPTCHA warm for levanlinh.kma@gmail.com
21:29:21 [DEBUG] [WS    ] [ExtensionBridge] Headers update for levanlinh.kma@gmail.com: ['x-browser-channel', 'x-browser-year', 'x-browser-validation', 'x-browser-copyright', 'x-client-data']
21:29:21 [DEBUG] [RECAP ] [ExtensionBridge] Bearer token stored for levanlinh.kma@gmail.com (424 chars)
21:29:21 [INFO ] [WS    ] [ExtensionBridge] Headers updated for levanlinh.kma@gmail.com: ['x-browser-channel', 'x-browser-year', 'x-browser-validation', 'x-browser-copyright', 'x-client-data']
21:29:52 [INFO ] [WS    ] [TabKeepalive] levanlinh.kma@gmail.com: API heartbeat OK (auth=200, ack=200, credits=401)
21:29:52 [DEBUG] [RECAP ] [ExtensionBridge] 🔥 reCAPTCHA warm for levanlinh.kma@gmail.com
21:29:55 [DEBUG] [WS    ] [ExtensionBridge] Headers update for levanlinh.kma@gmail.com: ['x-browser-channel', 'x-browser-year', 'x-browser-validation', 'x-browser-copyright', 'x-client-data']
21:29:55 [DEBUG] [RECAP ] [ExtensionBridge] Bearer token stored for levanlinh.kma@gmail.com (424 chars)
21:29:55 [INFO ] [WS    ] [ExtensionBridge] Headers updated for levanlinh.kma@gmail.com: ['x-browser-channel', 'x-browser-year', 'x-browser-validation', 'x-browser-copyright', 'x-client-data']
21:30:52 [DEBUG] [RECAP ] [ExtensionBridge] 🔥 reCAPTCHA warm for levanlinh.kma@gmail.com
21:31:52 [DEBUG] [RECAP ] [ExtensionBridge] 🔥 reCAPTCHA warm for levanlinh.kma@gmail.com
21:32:21 [DEBUG] [WS    ] [ExtensionBridge] Headers update for levanlinh.kma@gmail.com: ['x-browser-channel', 'x-browser-year', 'x-browser-validation', 'x-browser-copyright', 'x-client-data']
21:32:21 [DEBUG] [RECAP ] [ExtensionBridge] Bearer token stored for levanlinh.kma@gmail.com (424 chars)
21:32:21 [INFO ] [WS    ] [ExtensionBridge] Headers updated for levanlinh.kma@gmail.com: ['x-browser-channel', 'x-browser-year', 'x-browser-validation', 'x-browser-copyright', 'x-client-data']
21:32:33 [INFO ] [WS    ] [TabKeepalive] levanlinh.kma@gmail.com: API heartbeat OK (auth=200, ack=200, credits=401)
21:32:37 [DEBUG] [WS    ] [ExtensionBridge] Headers update for levanlinh.kma@gmail.com: ['x-browser-channel', 'x-browser-year', 'x-browser-validation', 'x-browser-copyright', 'x-client-data']
21:32:37 [DEBUG] [RECAP ] [ExtensionBridge] Bearer token stored for levanlinh.kma@gmail.com (424 chars)
21:32:37 [INFO ] [WS    ] [ExtensionBridge] Headers updated for levanlinh.kma@gmail.com: ['x-browser-channel', 'x-browser-year', 'x-browser-validation', 'x-browser-copyright', 'x-client-data']
21:32:52 [DEBUG] [RECAP ] [ExtensionBridge] 🔥 reCAPTCHA warm for levanlinh.kma@gmail.com
21:33:52 [DEBUG] [RECAP ] [ExtensionBridge] 🔥 reCAPTCHA warm for levanlinh.kma@gmail.com
21:34:52 [DEBUG] [RECAP ] [ExtensionBridge] 🔥 reCAPTCHA warm for levanlinh.kma@gmail.com
21:35:14 [INFO ] [WS    ] [TabKeepalive] levanlinh.kma@gmail.com: API heartbeat OK (auth=200, ack=200, credits=401)
21:35:18 [DEBUG] [WS    ] [ExtensionBridge] Headers update for levanlinh.kma@gmail.com: ['x-browser-channel', 'x-browser-year', 'x-browser-validation', 'x-browser-copyright', 'x-client-data']
21:35:18 [DEBUG] [RECAP ] [ExtensionBridge] Bearer token stored for levanlinh.kma@gmail.com (424 chars)
21:35:18 [INFO ] [WS    ] [ExtensionBridge] Headers updated for levanlinh.kma@gmail.com: ['x-browser-channel', 'x-browser-year', 'x-browser-validation', 'x-browser-copyright', 'x-client-data']
21:35:21 [DEBUG] [WS    ] [ExtensionBridge] Headers update for levanlinh.kma@gmail.com: ['x-browser-channel', 'x-browser-year', 'x-browser-validation', 'x-browser-copyright', 'x-client-data']
21:35:21 [DEBUG] [RECAP ] [ExtensionBridge] Bearer token stored for levanlinh.kma@gmail.com (424 chars)
21:35:21 [INFO ] [WS    ] [ExtensionBridge] Headers updated for levanlinh.kma@gmail.com: ['x-browser-channel', 'x-browser-year', 'x-browser-validation', 'x-browser-copyright', 'x-client-data']
21:35:52 [DEBUG] [RECAP ] [ExtensionBridge] 🔥 reCAPTCHA warm for levanlinh.kma@gmail.com
21:36:52 [DEBUG] [RECAP ] [ExtensionBridge] 🔥 reCAPTCHA warm for levanlinh.kma@gmail.com
21:37:27 [INFO ] [WS    ] [TabKeepalive] levanlinh.kma@gmail.com: API heartbeat OK (auth=200, ack=200, credits=401)
21:37:30 [DEBUG] [WS    ] [ExtensionBridge] Headers update for levanlinh.kma@gmail.com: ['x-browser-channel', 'x-browser-year', 'x-browser-validation', 'x-browser-copyright', 'x-client-data']
21:37:30 [DEBUG] [RECAP ] [ExtensionBridge] Bearer token stored for levanlinh.kma@gmail.com (424 chars)
21:37:30 [INFO ] [WS    ] [ExtensionBridge] Headers updated for levanlinh.kma@gmail.com: ['x-browser-channel', 'x-browser-year', 'x-browser-validation', 'x-browser-copyright', 'x-client-data']
21:37:52 [DEBUG] [RECAP ] [ExtensionBridge] 🔥 reCAPTCHA warm for levanlinh.kma@gmail.com
21:38:21 [DEBUG] [WS    ] [ExtensionBridge] Headers update for levanlinh.kma@gmail.com: ['x-browser-channel', 'x-browser-year', 'x-browser-validation', 'x-browser-copyright', 'x-client-data']
21:38:21 [DEBUG] [RECAP ] [ExtensionBridge] Bearer token stored for levanlinh.kma@gmail.com (424 chars)
21:38:21 [INFO ] [WS    ] [ExtensionBridge] Headers updated for levanlinh.kma@gmail.com: ['x-browser-channel', 'x-browser-year', 'x-browser-validation', 'x-browser-copyright', 'x-client-data']
21:38:52 [DEBUG] [RECAP ] [ExtensionBridge] 🔥 reCAPTCHA warm for levanlinh.kma@gmail.com
21:39:34 [INFO ] [WS    ] [TabKeepalive] levanlinh.kma@gmail.com: API heartbeat OK (auth=200, ack=200, credits=401)
21:39:38 [DEBUG] [WS    ] [ExtensionBridge] Headers update for levanlinh.kma@gmail.com: ['x-browser-channel', 'x-browser-year', 'x-browser-validation', 'x-browser-copyright', 'x-client-data']
21:39:38 [DEBUG] [RECAP ] [ExtensionBridge] Bearer token stored for levanlinh.kma@gmail.com (424 chars)
21:39:38 [INFO ] [WS    ] [ExtensionBridge] Headers updated for levanlinh.kma@gmail.com: ['x-browser-channel', 'x-browser-year', 'x-browser-validation', 'x-browser-copyright', 'x-client-data']
21:39:52 [DEBUG] [RECAP ] [ExtensionBridge] 🔥 reCAPTCHA warm for levanlinh.kma@gmail.com
21:40:52 [DEBUG] [RECAP ] [ExtensionBridge] 🔥 reCAPTCHA warm for levanlinh.kma@gmail.com
21:41:21 [DEBUG] [WS    ] [ExtensionBridge] Headers update for levanlinh.kma@gmail.com: ['x-browser-channel', 'x-browser-year', 'x-browser-validation', 'x-browser-copyright', 'x-client-data']
21:41:21 [DEBUG] [RECAP ] [ExtensionBridge] Bearer token stored for levanlinh.kma@gmail.com (424 chars)
21:41:21 [INFO ] [WS    ] [ExtensionBridge] Headers updated for levanlinh.kma@gmail.com: ['x-browser-channel', 'x-browser-year', 'x-browser-validation', 'x-browser-copyright', 'x-client-data']
21:41:52 [DEBUG] [RECAP ] [ExtensionBridge] 🔥 reCAPTCHA warm for levanlinh.kma@gmail.com
21:42:04 [INFO ] [WS    ] [TabKeepalive] levanlinh.kma@gmail.com: API heartbeat OK (auth=200, ack=200, credits=401)
21:42:08 [DEBUG] [WS    ] [ExtensionBridge] Headers update for levanlinh.kma@gmail.com: ['x-browser-channel', 'x-browser-year', 'x-browser-validation', 'x-browser-copyright', 'x-client-data']
21:42:08 [DEBUG] [RECAP ] [ExtensionBridge] Bearer token stored for levanlinh.kma@gmail.com (424 chars)
21:42:08 [INFO ] [WS    ] [ExtensionBridge] Headers updated for levanlinh.kma@gmail.com: ['x-browser-channel', 'x-browser-year', 'x-browser-validation', 'x-browser-copyright', 'x-client-data']
21:42:52 [DEBUG] [RECAP ] [ExtensionBridge] 🔥 reCAPTCHA warm for levanlinh.kma@gmail.com
21:43:52 [DEBUG] [RECAP ] [ExtensionBridge] 🔥 reCAPTCHA warm for levanlinh.kma@gmail.com
21:44:21 [DEBUG] [WS    ] [ExtensionBridge] Headers update for levanlinh.kma@gmail.com: ['x-browser-channel', 'x-browser-year', 'x-browser-validation', 'x-browser-copyright', 'x-client-data']
21:44:21 [DEBUG] [RECAP ] [ExtensionBridge] Bearer token stored for levanlinh.kma@gmail.com (424 chars)
21:44:21 [INFO ] [WS    ] [ExtensionBridge] Headers updated for levanlinh.kma@gmail.com: ['x-browser-channel', 'x-browser-year', 'x-browser-validation', 'x-browser-copyright', 'x-client-data']
21:44:49 [INFO ] [WS    ] [TabKeepalive] levanlinh.kma@gmail.com: API heartbeat OK (auth=200, ack=200, credits=401)
21:44:52 [DEBUG] [RECAP ] [ExtensionBridge] 🔥 reCAPTCHA warm for levanlinh.kma@gmail.com
21:44:53 [DEBUG] [WS    ] [ExtensionBridge] Headers update for levanlinh.kma@gmail.com: ['x-browser-channel', 'x-browser-year', 'x-browser-validation', 'x-browser-copyright', 'x-client-data']
21:44:53 [DEBUG] [RECAP ] [ExtensionBridge] Bearer token stored for levanlinh.kma@gmail.com (424 chars)
21:44:53 [INFO ] [WS    ] [ExtensionBridge] Headers updated for levanlinh.kma@gmail.com: ['x-browser-channel', 'x-browser-year', 'x-browser-validation', 'x-browser-copyright', 'x-client-data']
21:45:52 [DEBUG] [RECAP ] [ExtensionBridge] 🔥 reCAPTCHA warm for levanlinh.kma@gmail.com
21:46:52 [DEBUG] [RECAP ] [ExtensionBridge] 🔥 reCAPTCHA warm for levanlinh.kma@gmail.com
21:47:21 [DEBUG] [WS    ] [ExtensionBridge] Headers update for levanlinh.kma@gmail.com: ['x-browser-channel', 'x-browser-year', 'x-browser-validation', 'x-browser-copyright', 'x-client-data']
21:47:21 [DEBUG] [RECAP ] [ExtensionBridge] Bearer token stored for levanlinh.kma@gmail.com (424 chars)
21:47:21 [INFO ] [WS    ] [ExtensionBridge] Headers updated for levanlinh.kma@gmail.com: ['x-browser-channel', 'x-browser-year', 'x-browser-validation', 'x-browser-copyright', 'x-client-data']
21:47:27 [INFO ] [WS    ] [TabKeepalive] levanlinh.kma@gmail.com: API heartbeat OK (auth=200, ack=200, credits=401)
21:47:30 [DEBUG] [WS    ] [ExtensionBridge] Headers update for levanlinh.kma@gmail.com: ['x-browser-channel', 'x-browser-year', 'x-browser-validation', 'x-browser-copyright', 'x-client-data']
21:47:30 [DEBUG] [RECAP ] [ExtensionBridge] Bearer token stored for levanlinh.kma@gmail.com (424 chars)
21:47:30 [INFO ] [WS    ] [ExtensionBridge] Headers updated for levanlinh.kma@gmail.com: ['x-browser-channel', 'x-browser-year', 'x-browser-validation', 'x-browser-copyright', 'x-client-data']
21:47:52 [DEBUG] [RECAP ] [ExtensionBridge] 🔥 reCAPTCHA warm for levanlinh.kma@gmail.com
21:48:52 [DEBUG] [RECAP ] [ExtensionBridge] 🔥 reCAPTCHA warm for levanlinh.kma@gmail.com
21:49:52 [DEBUG] [RECAP ] [ExtensionBridge] 🔥 reCAPTCHA warm for levanlinh.kma@gmail.com
21:50:11 [INFO ] [WS    ] [TabKeepalive] levanlinh.kma@gmail.com: API heartbeat OK (auth=200, ack=200, credits=401)
21:50:15 [DEBUG] [WS    ] [ExtensionBridge] Headers update for levanlinh.kma@gmail.com: ['x-browser-channel', 'x-browser-year', 'x-browser-validation', 'x-browser-copyright', 'x-client-data']
21:50:15 [DEBUG] [RECAP ] [ExtensionBridge] Bearer token stored for levanlinh.kma@gmail.com (424 chars)
21:50:15 [INFO ] [WS    ] [ExtensionBridge] Headers updated for levanlinh.kma@gmail.com: ['x-browser-channel', 'x-browser-year', 'x-browser-validation', 'x-browser-copyright', 'x-client-data']
21:50:21 [DEBUG] [WS    ] [ExtensionBridge] Headers update for levanlinh.kma@gmail.com: ['x-browser-channel', 'x-browser-year', 'x-browser-validation', 'x-browser-copyright', 'x-client-data']
21:50:21 [DEBUG] [RECAP ] [ExtensionBridge] Bearer token stored for levanlinh.kma@gmail.com (424 chars)
21:50:21 [INFO ] [WS    ] [ExtensionBridge] Headers updated for levanlinh.kma@gmail.com: ['x-browser-channel', 'x-browser-year', 'x-browser-validation', 'x-browser-copyright', 'x-client-data']
21:50:52 [DEBUG] [RECAP ] [ExtensionBridge] 🔥 reCAPTCHA warm for levanlinh.kma@gmail.com
21:51:52 [DEBUG] [RECAP ] [ExtensionBridge] 🔥 reCAPTCHA warm for levanlinh.kma@gmail.com
21:52:49 [INFO ] [WS    ] [TabKeepalive] levanlinh.kma@gmail.com: API heartbeat OK (auth=200, ack=200, credits=401)
21:52:52 [DEBUG] [RECAP ] [ExtensionBridge] 🔥 reCAPTCHA warm for levanlinh.kma@gmail.com
21:52:53 [DEBUG] [WS    ] [ExtensionBridge] Headers update for levanlinh.kma@gmail.com: ['x-browser-channel', 'x-browser-year', 'x-browser-validation', 'x-browser-copyright', 'x-client-data']
21:52:53 [DEBUG] [RECAP ] [ExtensionBridge] Bearer token stored for levanlinh.kma@gmail.com (424 chars)
21:52:53 [INFO ] [WS    ] [ExtensionBridge] Headers updated for levanlinh.kma@gmail.com: ['x-browser-channel', 'x-browser-year', 'x-browser-validation', 'x-browser-copyright', 'x-client-data']
21:53:21 [DEBUG] [WS    ] [ExtensionBridge] Headers update for levanlinh.kma@gmail.com: ['x-browser-channel', 'x-browser-year', 'x-browser-validation', 'x-browser-copyright', 'x-client-data']
21:53:21 [DEBUG] [RECAP ] [ExtensionBridge] Bearer token stored for levanlinh.kma@gmail.com (424 chars)
21:53:21 [INFO ] [WS    ] [ExtensionBridge] Headers updated for levanlinh.kma@gmail.com: ['x-browser-channel', 'x-browser-year', 'x-browser-validation', 'x-browser-copyright', 'x-client-data']
21:53:52 [DEBUG] [RECAP ] [ExtensionBridge] 🔥 reCAPTCHA warm for levanlinh.kma@gmail.com
21:54:52 [DEBUG] [RECAP ] [ExtensionBridge] 🔥 reCAPTCHA warm for levanlinh.kma@gmail.com
21:55:17 [INFO ] [WS    ] [TabKeepalive] levanlinh.kma@gmail.com: API heartbeat OK (auth=200, ack=200, credits=401)
21:55:21 [DEBUG] [WS    ] [ExtensionBridge] Headers update for levanlinh.kma@gmail.com: ['x-browser-channel', 'x-browser-year', 'x-browser-validation', 'x-browser-copyright', 'x-client-data']
21:55:21 [DEBUG] [RECAP ] [ExtensionBridge] Bearer token stored for levanlinh.kma@gmail.com (424 chars)
21:55:21 [INFO ] [WS    ] [ExtensionBridge] Headers updated for levanlinh.kma@gmail.com: ['x-browser-channel', 'x-browser-year', 'x-browser-validation', 'x-browser-copyright', 'x-client-data']
21:55:52 [DEBUG] [RECAP ] [ExtensionBridge] 🔥 reCAPTCHA warm for levanlinh.kma@gmail.com
21:56:21 [DEBUG] [WS    ] [ExtensionBridge] Headers update for levanlinh.kma@gmail.com: ['x-browser-channel', 'x-browser-year', 'x-browser-validation', 'x-browser-copyright', 'x-client-data']
21:56:21 [DEBUG] [RECAP ] [ExtensionBridge] Bearer token stored for levanlinh.kma@gmail.com (424 chars)
21:56:21 [INFO ] [WS    ] [ExtensionBridge] Headers updated for levanlinh.kma@gmail.com: ['x-browser-channel', 'x-browser-year', 'x-browser-validation', 'x-browser-copyright', 'x-client-data']
21:56:52 [DEBUG] [RECAP ] [ExtensionBridge] 🔥 reCAPTCHA warm for levanlinh.kma@gmail.com
21:57:39 [INFO ] [WS    ] [TabKeepalive] levanlinh.kma@gmail.com: API heartbeat OK (auth=200, ack=200, credits=401)
21:57:43 [DEBUG] [WS    ] [ExtensionBridge] Headers update for levanlinh.kma@gmail.com: ['x-browser-channel', 'x-browser-year', 'x-browser-validation', 'x-browser-copyright', 'x-client-data']
21:57:43 [DEBUG] [RECAP ] [ExtensionBridge] Bearer token stored for levanlinh.kma@gmail.com (424 chars)
21:57:43 [INFO ] [WS    ] [ExtensionBridge] Headers updated for levanlinh.kma@gmail.com: ['x-browser-channel', 'x-browser-year', 'x-browser-validation', 'x-browser-copyright', 'x-client-data']
21:57:52 [DEBUG] [RECAP ] [ExtensionBridge] 🔥 reCAPTCHA warm for levanlinh.kma@gmail.com
21:58:52 [DEBUG] [RECAP ] [ExtensionBridge] 🔥 reCAPTCHA warm for levanlinh.kma@gmail.com
21:59:21 [DEBUG] [WS    ] [ExtensionBridge] Headers update for levanlinh.kma@gmail.com: ['x-browser-channel', 'x-browser-year', 'x-browser-validation', 'x-browser-copyright', 'x-client-data']
21:59:21 [DEBUG] [RECAP ] [ExtensionBridge] Bearer token stored for levanlinh.kma@gmail.com (424 chars)
21:59:21 [INFO ] [WS    ] [ExtensionBridge] Headers updated for levanlinh.kma@gmail.com: ['x-browser-channel', 'x-browser-year', 'x-browser-validation', 'x-browser-copyright', 'x-client-data']
21:59:52 [DEBUG] [RECAP ] [ExtensionBridge] 🔥 reCAPTCHA warm for levanlinh.kma@gmail.com
21:59:57 [INFO ] [WS    ] [TabKeepalive] levanlinh.kma@gmail.com: API heartbeat OK (auth=200, ack=200, credits=401)
22:00:00 [DEBUG] [WS    ] [ExtensionBridge] Headers update for levanlinh.kma@gmail.com: ['x-browser-channel', 'x-browser-year', 'x-browser-validation', 'x-browser-copyright', 'x-client-data']
22:00:00 [DEBUG] [RECAP ] [ExtensionBridge] Bearer token stored for levanlinh.kma@gmail.com (424 chars)
22:00:00 [INFO ] [WS    ] [ExtensionBridge] Headers updated for levanlinh.kma@gmail.com: ['x-browser-channel', 'x-browser-year', 'x-browser-validation', 'x-browser-copyright', 'x-client-data']
22:00:52 [DEBUG] [RECAP ] [ExtensionBridge] 🔥 reCAPTCHA warm for levanlinh.kma@gmail.com
22:01:52 [DEBUG] [RECAP ] [ExtensionBridge] 🔥 reCAPTCHA warm for levanlinh.kma@gmail.com
22:02:21 [DEBUG] [WS    ] [ExtensionBridge] Headers update for levanlinh.kma@gmail.com: ['x-browser-channel', 'x-browser-year', 'x-browser-validation', 'x-browser-copyright', 'x-client-data']
22:02:21 [DEBUG] [RECAP ] [ExtensionBridge] Bearer token stored for levanlinh.kma@gmail.com (424 chars)
22:02:21 [INFO ] [WS    ] [ExtensionBridge] Headers updated for levanlinh.kma@gmail.com: ['x-browser-channel', 'x-browser-year', 'x-browser-validation', 'x-browser-copyright', 'x-client-data']
22:02:42 [INFO ] [WS    ] [TabKeepalive] levanlinh.kma@gmail.com: API heartbeat OK (auth=200, ack=200, credits=401)
22:02:45 [DEBUG] [WS    ] [ExtensionBridge] Headers update for levanlinh.kma@gmail.com: ['x-browser-channel', 'x-browser-year', 'x-browser-validation', 'x-browser-copyright', 'x-client-data']
22:02:45 [DEBUG] [RECAP ] [ExtensionBridge] Bearer token stored for levanlinh.kma@gmail.com (424 chars)
22:02:45 [INFO ] [WS    ] [ExtensionBridge] Headers updated for levanlinh.kma@gmail.com: ['x-browser-channel', 'x-browser-year', 'x-browser-validation', 'x-browser-copyright', 'x-client-data']
22:02:52 [DEBUG] [RECAP ] [ExtensionBridge] 🔥 reCAPTCHA warm for levanlinh.kma@gmail.com
22:03:52 [DEBUG] [RECAP ] [ExtensionBridge] 🔥 reCAPTCHA warm for levanlinh.kma@gmail.com
22:04:52 [DEBUG] [RECAP ] [ExtensionBridge] 🔥 reCAPTCHA warm for levanlinh.kma@gmail.com
22:05:12 [INFO ] [WS    ] [TabKeepalive] levanlinh.kma@gmail.com: API heartbeat OK (auth=200, ack=200, credits=401)
22:05:16 [DEBUG] [WS    ] [ExtensionBridge] Headers update for levanlinh.kma@gmail.com: ['x-browser-channel', 'x-browser-year', 'x-browser-validation', 'x-browser-copyright', 'x-client-data']
22:05:16 [DEBUG] [RECAP ] [ExtensionBridge] Bearer token stored for levanlinh.kma@gmail.com (424 chars)
22:05:16 [INFO ] [WS    ] [ExtensionBridge] Headers updated for levanlinh.kma@gmail.com: ['x-browser-channel', 'x-browser-year', 'x-browser-validation', 'x-browser-copyright', 'x-client-data']
22:05:21 [DEBUG] [WS    ] [ExtensionBridge] Headers update for levanlinh.kma@gmail.com: ['x-browser-channel', 'x-browser-year', 'x-browser-validation', 'x-browser-copyright', 'x-client-data']
22:05:21 [DEBUG] [RECAP ] [ExtensionBridge] Bearer token stored for levanlinh.kma@gmail.com (424 chars)
22:05:21 [INFO ] [WS    ] [ExtensionBridge] Headers updated for levanlinh.kma@gmail.com: ['x-browser-channel', 'x-browser-year', 'x-browser-validation', 'x-browser-copyright', 'x-client-data']
22:05:52 [DEBUG] [RECAP ] [ExtensionBridge] 🔥 reCAPTCHA warm for levanlinh.kma@gmail.com
22:06:52 [DEBUG] [RECAP ] [ExtensionBridge] 🔥 reCAPTCHA warm for levanlinh.kma@gmail.com
22:07:52 [DEBUG] [RECAP ] [ExtensionBridge] 🔥 reCAPTCHA warm for levanlinh.kma@gmail.com
22:07:55 [INFO ] [WS    ] [TabKeepalive] levanlinh.kma@gmail.com: API heartbeat OK (auth=200, ack=200, credits=401)
22:07:59 [DEBUG] [WS    ] [ExtensionBridge] Headers update for levanlinh.kma@gmail.com: ['x-browser-channel', 'x-browser-year', 'x-browser-validation', 'x-browser-copyright', 'x-client-data']
22:07:59 [DEBUG] [RECAP ] [ExtensionBridge] Bearer token stored for levanlinh.kma@gmail.com (424 chars)
22:07:59 [INFO ] [WS    ] [ExtensionBridge] Headers updated for levanlinh.kma@gmail.com: ['x-browser-channel', 'x-browser-year', 'x-browser-validation', 'x-browser-copyright', 'x-client-data']
22:08:21 [DEBUG] [WS    ] [ExtensionBridge] Headers update for levanlinh.kma@gmail.com: ['x-browser-channel', 'x-browser-year', 'x-browser-validation', 'x-browser-copyright', 'x-client-data']
22:08:21 [DEBUG] [RECAP ] [ExtensionBridge] Bearer token stored for levanlinh.kma@gmail.com (424 chars)
22:08:21 [INFO ] [WS    ] [ExtensionBridge] Headers updated for levanlinh.kma@gmail.com: ['x-browser-channel', 'x-browser-year', 'x-browser-validation', 'x-browser-copyright', 'x-client-data']
